<?xml version="1.0" encoding="UTF-8"?>
<!-- Generated by org.testng.reporters.JUnitReportReporter -->
<testsuite hostname="DESKTOP-JKTER8U" failures="0" tests="1" name="testScripts.com.VerifyingTitle" time="12.695" errors="0" timestamp="2024-03-02T19:50:49 IST" skipped="0">
  <testcase classname="testScripts.com.VerifyingTitle" name="testhomePageTitle" time="12.695"/>
  <system-out>
    <![CDATA[openBrowser
login
Logout
closeBrowser]]>
  </system-out>
</testsuite> <!-- testScripts.com.VerifyingTitle -->
